0 info it worked if it ends with ok
1 verbose cli [ 'C:\\Program Files\\nodejs\\node.exe',
1 verbose cli   'C:\\Users\\Paul\\AppData\\Roaming\\npm\\node_modules\\npm\\bin\\npm-cli.js',
1 verbose cli   'install',
1 verbose cli   '-g',
1 verbose cli   'svgo' ]
2 info using npm@2.0.2
3 info using node@v4.2.1
4 verbose cache add [ 'svgo', null ]
5 verbose cache add spec="svgo" args=["svgo",null]
6 verbose parsed spec Result {
6 verbose parsed spec   raw: 'svgo',
6 verbose parsed spec   scope: null,
6 verbose parsed spec   name: 'svgo',
6 verbose parsed spec   rawSpec: '',
6 verbose parsed spec   spec: '*',
6 verbose parsed spec   type: 'range' }
7 verbose parsed spec Result {
7 verbose parsed spec   raw: 'svgo',
7 verbose parsed spec   scope: null,
7 verbose parsed spec   name: 'svgo',
7 verbose parsed spec   rawSpec: '',
7 verbose parsed spec   spec: '*',
7 verbose parsed spec   type: 'range' }
8 verbose addNamed [ 'svgo', '*' ]
9 verbose addNamed [ null, '*' ]
10 silly lockFile d7791c50-svgo svgo@*
11 verbose lock svgo@* C:\Users\Paul\AppData\Roaming\npm-cache\d7791c50-svgo.lock
12 silly addNameRange { name: 'svgo', range: '*', hasData: false }
13 verbose mapToRegistry name svgo
14 verbose mapToRegistry uri https://registry.npmjs.org/svgo
15 verbose request on initialization, where is /svgo
16 verbose request after pass 1, where is /svgo
17 verbose request url raw /svgo
18 verbose request resolving registry [ 'https://registry.npmjs.org/', './svgo' ]
19 verbose request after pass 2, where is https://registry.npmjs.org/svgo
20 verbose request no auth needed
21 info attempt registry request try #1 at 10:34:08 AM
22 verbose request id ec161406227415bb
23 http request GET https://registry.npmjs.org/svgo
24 http 200 https://registry.npmjs.org/svgo
25 silly registry.get cb [ 200,
25 silly registry.get   { server: 'CouchDB/1.5.0 (Erlang OTP/R16B03)',
25 silly registry.get     etag: '"865EX41EV9RYKA9AP7Y7FMT73"',
25 silly registry.get     'content-type': 'application/json',
25 silly registry.get     'cache-control': 'max-age=300',
25 silly registry.get     'content-length': '89289',
25 silly registry.get     'accept-ranges': 'bytes',
25 silly registry.get     date: 'Sat, 19 Dec 2015 15:33:58 GMT',
25 silly registry.get     via: '1.1 varnish',
25 silly registry.get     age: '0',
25 silly registry.get     connection: 'close',
25 silly registry.get     'x-served-by': 'cache-atl6232-ATL',
25 silly registry.get     'x-cache': 'HIT',
25 silly registry.get     'x-cache-hits': '1',
25 silly registry.get     'x-timer': 'S1450539238.658206,VS0,VE108',
25 silly registry.get     vary: 'Accept' } ]
26 silly addNameRange number 2 { name: 'svgo', range: '*', hasData: true }
27 silly addNameRange versions [ 'svgo',
27 silly addNameRange   [ '0.0.1',
27 silly addNameRange     '0.0.1-2',
27 silly addNameRange     '0.0.1-3',
27 silly addNameRange     '0.0.2',
27 silly addNameRange     '0.0.3',
27 silly addNameRange     '0.0.4',
27 silly addNameRange     '0.0.5',
27 silly addNameRange     '0.0.5-1',
27 silly addNameRange     '0.0.6',
27 silly addNameRange     '0.0.7',
27 silly addNameRange     '0.0.7-1',
27 silly addNameRange     '0.0.8',
27 silly addNameRange     '0.0.9',
27 silly addNameRange     '0.0.9-1',
27 silly addNameRange     '0.1.0',
27 silly addNameRange     '0.1.1',
27 silly addNameRange     '0.1.2',
27 silly addNameRange     '0.1.3',
27 silly addNameRange     '0.1.4',
27 silly addNameRange     '0.1.5',
27 silly addNameRange     '0.1.6',
27 silly addNameRange     '0.1.7',
27 silly addNameRange     '0.1.8',
27 silly addNameRange     '0.1.9',
27 silly addNameRange     '0.1.9-1',
27 silly addNameRange     '0.2.0',
27 silly addNameRange     '0.2.1',
27 silly addNameRange     '0.2.2',
27 silly addNameRange     '0.2.3',
27 silly addNameRange     '0.2.4',
27 silly addNameRange     '0.3.0',
27 silly addNameRange     '0.3.1',
27 silly addNameRange     '0.3.2',
27 silly addNameRange     '0.3.3',
27 silly addNameRange     '0.3.4',
27 silly addNameRange     '0.3.5',
27 silly addNameRange     '0.3.6',
27 silly addNameRange     '0.3.7',
27 silly addNameRange     '0.4.0',
27 silly addNameRange     '0.4.1',
27 silly addNameRange     '0.4.2',
27 silly addNameRange     '0.4.3',
27 silly addNameRange     '0.4.4',
27 silly addNameRange     '0.4.5',
27 silly addNameRange     '0.5.0',
27 silly addNameRange     '0.5.1',
27 silly addNameRange     '0.5.2',
27 silly addNameRange     '0.5.3',
27 silly addNameRange     '0.5.4',
27 silly addNameRange     '0.5.5',
27 silly addNameRange     '0.5.6',
27 silly addNameRange     '0.6.0',
27 silly addNameRange     '0.6.1' ] ]
28 verbose addNamed [ 'svgo', '0.6.1' ]
29 verbose addNamed [ '0.6.1', '0.6.1' ]
30 silly lockFile aee707b0-svgo-0-6-1 svgo@0.6.1
31 verbose lock svgo@0.6.1 C:\Users\Paul\AppData\Roaming\npm-cache\aee707b0-svgo-0-6-1.lock
32 silly lockFile 1f352576-ry-npmjs-org-svgo-svgo-0-6-1-tgz https://registry.npmjs.org/svgo/-/svgo-0.6.1.tgz
33 verbose lock https://registry.npmjs.org/svgo/-/svgo-0.6.1.tgz C:\Users\Paul\AppData\Roaming\npm-cache\1f352576-ry-npmjs-org-svgo-svgo-0-6-1-tgz.lock
34 verbose addRemoteTarball [ 'https://registry.npmjs.org/svgo/-/svgo-0.6.1.tgz',
34 verbose addRemoteTarball   'b9dd8d450660ca5f88b22271fbdc8b2a966637a9' ]
35 info retry fetch attempt 1 at 10:34:09 AM
36 info attempt registry request try #1 at 10:34:09 AM
37 http fetch GET https://registry.npmjs.org/svgo/-/svgo-0.6.1.tgz
38 http fetch 200 https://registry.npmjs.org/svgo/-/svgo-0.6.1.tgz
39 silly fetchAndShaCheck shasum b9dd8d450660ca5f88b22271fbdc8b2a966637a9
40 silly lockFile 1f352576-ry-npmjs-org-svgo-svgo-0-6-1-tgz https://registry.npmjs.org/svgo/-/svgo-0.6.1.tgz
41 silly lockFile 1f352576-ry-npmjs-org-svgo-svgo-0-6-1-tgz https://registry.npmjs.org/svgo/-/svgo-0.6.1.tgz
42 silly lockFile aee707b0-svgo-0-6-1 svgo@0.6.1
43 silly lockFile aee707b0-svgo-0-6-1 svgo@0.6.1
44 silly lockFile d7791c50-svgo svgo@*
45 silly lockFile d7791c50-svgo svgo@*
46 silly resolved [ { name: 'svgo',
46 silly resolved     version: '0.6.1',
46 silly resolved     description: 'Nodejs-based tool for optimizing SVG vector graphics files',
46 silly resolved     keywords: [ 'svgo', 'svg', 'optimize', 'minify' ],
46 silly resolved     homepage: 'https://github.com/svg/svgo',
46 silly resolved     bugs:
46 silly resolved      { url: 'https://github.com/svg/svgo/issues',
46 silly resolved        email: 'kir@soulshine.in' },
46 silly resolved     author:
46 silly resolved      { name: 'Kir Belevich',
46 silly resolved        email: 'kir@soulshine.in',
46 silly resolved        url: 'https://github.com/deepsweet' },
46 silly resolved     contributors: [ [Object], [Object] ],
46 silly resolved     repository: { type: 'git', url: 'git://github.com/svg/svgo.git' },
46 silly resolved     main: './lib/svgo.js',
46 silly resolved     bin: { svgo: './bin/svgo' },
46 silly resolved     directories: { bin: './bin', lib: './lib', example: './examples' },
46 silly resolved     scripts: { test: 'make test' },
46 silly resolved     dependencies:
46 silly resolved      { sax: '~1.1.4',
46 silly resolved        coa: '~1.0.1',
46 silly resolved        'js-yaml': '~3.4.3',
46 silly resolved        colors: '~1.1.2',
46 silly resolved        'whet.extend': '~0.9.9',
46 silly resolved        mkdirp: '~0.5.1',
46 silly resolved        csso: '~1.4.2' },
46 silly resolved     devDependencies:
46 silly resolved      { mocha: '~2.3.4',
46 silly resolved        should: '7.1.1',
46 silly resolved        istanbul: '~0.4.0',
46 silly resolved        'mocha-istanbul': '~0.2.0',
46 silly resolved        coveralls: '~2.11.4' },
46 silly resolved     engines: { node: '>=0.10.0' },
46 silly resolved     license: 'MIT',
46 silly resolved     gitHead: '7327974335d8ae69d576c6602411d005f4a66020',
46 silly resolved     _id: 'svgo@0.6.1',
46 silly resolved     _shasum: 'b9dd8d450660ca5f88b22271fbdc8b2a966637a9',
46 silly resolved     _from: 'svgo@*',
46 silly resolved     _npmVersion: '2.5.1',
46 silly resolved     _nodeVersion: '0.12.0',
46 silly resolved     _npmUser: { name: 'greli', email: 'grelimail@gmail.com' },
46 silly resolved     maintainers: [ [Object], [Object] ],
46 silly resolved     dist:
46 silly resolved      { shasum: 'b9dd8d450660ca5f88b22271fbdc8b2a966637a9',
46 silly resolved        tarball: 'http://registry.npmjs.org/svgo/-/svgo-0.6.1.tgz' },
46 silly resolved     _resolved: 'https://registry.npmjs.org/svgo/-/svgo-0.6.1.tgz' } ]
47 info install svgo@0.6.1 into C:\Program Files\nodejs
48 info installOne svgo@0.6.1
49 verbose node_modules\svgo unbuild
50 verbose gentlyRm vacuuming C:\Program Files\nodejs\node_modules\svgo
51 verbose tar unpack C:\Users\Paul\AppData\Roaming\npm-cache\svgo\0.6.1\package.tgz
52 silly lockFile 883f0b47-m-Files-nodejs-node-modules-svgo tar://C:\Program Files\nodejs\node_modules\svgo
53 verbose lock tar://C:\Program Files\nodejs\node_modules\svgo C:\Users\Paul\AppData\Roaming\npm-cache\883f0b47-m-Files-nodejs-node-modules-svgo.lock
54 silly lockFile 8bee787d-npm-cache-svgo-0-6-1-package-tgz tar://C:\Users\Paul\AppData\Roaming\npm-cache\svgo\0.6.1\package.tgz
55 verbose lock tar://C:\Users\Paul\AppData\Roaming\npm-cache\svgo\0.6.1\package.tgz C:\Users\Paul\AppData\Roaming\npm-cache\8bee787d-npm-cache-svgo-0-6-1-package-tgz.lock
56 verbose gentlyRm vacuuming C:\Program Files\nodejs\node_modules\svgo
57 silly gunzTarPerm modes [ '777', '666' ]
58 verbose fstream_path C:\Program Files\nodejs\node_modules\svgo
59 verbose fstream_type Directory
60 verbose fstream_class DirWriter
61 verbose stack Error: EPERM: operation not permitted, mkdir 'C:\Program Files\nodejs\node_modules\svgo'
61 verbose stack     at Error (native)
62 verbose fstream_stack C:\Users\Paul\AppData\Roaming\npm\node_modules\npm\node_modules\fstream\lib\dir-writer.js:36:23
62 verbose fstream_stack C:\Users\Paul\AppData\Roaming\npm\node_modules\npm\node_modules\mkdirp\index.js:46:53
62 verbose fstream_stack FSReqWrap.oncomplete (fs.js:82:15)
63 verbose cwd C:\Personal Folder\COMPUTER STUFF\Programming\Development\Pokemon-Arena
64 error Windows_NT 6.3.9600
65 error argv "C:\\Program Files\\nodejs\\node.exe" "C:\\Users\\Paul\\AppData\\Roaming\\npm\\node_modules\\npm\\bin\\npm-cli.js" "install" "-g" "svgo"
66 error node v4.2.1
67 error npm  v2.0.2
68 error path C:\Program Files\nodejs\node_modules\svgo
69 error code EPERM
70 error errno -4048
71 error syscall mkdir
72 error Error: EPERM: operation not permitted, mkdir 'C:\Program Files\nodejs\node_modules\svgo'
72 error     at Error (native)
72 error  { [Error: EPERM: operation not permitted, mkdir 'C:\Program Files\nodejs\node_modules\svgo']
72 error   errno: -4048,
72 error   code: 'EPERM',
72 error   syscall: 'mkdir',
72 error   path: 'C:\\Program Files\\nodejs\\node_modules\\svgo',
72 error   fstream_type: 'Directory',
72 error   fstream_path: 'C:\\Program Files\\nodejs\\node_modules\\svgo',
72 error   fstream_class: 'DirWriter',
72 error   fstream_stack:
72 error    [ 'C:\\Users\\Paul\\AppData\\Roaming\\npm\\node_modules\\npm\\node_modules\\fstream\\lib\\dir-writer.js:36:23',
72 error      'C:\\Users\\Paul\\AppData\\Roaming\\npm\\node_modules\\npm\\node_modules\\mkdirp\\index.js:46:53',
72 error      'FSReqWrap.oncomplete (fs.js:82:15)' ] }
73 error Please try running this command again as root/Administrator.
74 verbose exit [ -4048, true ]
